<?xml version="1.0" encoding="UTF-8"?>
<coverage generated="1768838947453" clover="3.2.0">
  <project timestamp="1768838947454" name="All files">
    <metrics statements="16" coveredstatements="15" conditionals="16" coveredconditionals="13" methods="5" coveredmethods="5" elements="37" coveredelements="33" complexity="0" loc="16" ncloc="16" packages="1" files="1" classes="1"/>
    <file name="gacha-logic.js" path="/app/gacha-logic.js">
      <metrics statements="16" coveredstatements="15" conditionals="16" coveredconditionals="13" methods="5" coveredmethods="5"/>
      <line num="1" count="1" type="stmt"/>
      <line num="2" count="1" type="cond" truecount="3" falsecount="1"/>
      <line num="4" count="1" type="stmt"/>
      <line num="7" count="0" type="stmt"/>
      <line num="12" count="5" type="cond" truecount="2" falsecount="0"/>
      <line num="13" count="3" type="stmt"/>
      <line num="15" count="3" type="stmt"/>
      <line num="16" count="4" type="cond" truecount="1" falsecount="1"/>
      <line num="17" count="4" type="cond" truecount="2" falsecount="0"/>
      <line num="19" count="1" type="stmt"/>
      <line num="23" count="3" type="cond" truecount="2" falsecount="0"/>
      <line num="24" count="2" type="stmt"/>
      <line num="25" count="2" type="cond" truecount="2" falsecount="0"/>
      <line num="26" count="1" type="stmt"/>
      <line num="28" count="1" type="stmt"/>
      <line num="31" count="1" type="stmt"/>
    </file>
  </project>
</coverage>
