{"/app/gacha-logic.js": {"path":"/app/gacha-logic.js","statementMap":{"0":{"start":{"line":1,"column":0},"end":{"line":35,"column":4}},"1":{"start":{"line":2,"column":4},"end":{"line":8,"column":5}},"2":{"start":{"line":4,"column":8},"end":{"line":4,"column":35}},"3":{"start":{"line":7,"column":8},"end":{"line":7,"column":36}},"4":{"start":{"line":12,"column":28},"end":{"line":12,"column":84}},"5":{"start":{"line":12,"column":56},"end":{"line":12,"column":80}},"6":{"start":{"line":13,"column":21},"end":{"line":13,"column":48}},"7":{"start":{"line":15,"column":8},"end":{"line":18,"column":9}},"8":{"start":{"line":16,"column":10},"end":{"line":16,"column":39}},"9":{"start":{"line":17,"column":10},"end":{"line":17,"column":38}},"10":{"start":{"line":17,"column":26},"end":{"line":17,"column":38}},"11":{"start":{"line":19,"column":8},"end":{"line":19,"column":24}},"12":{"start":{"line":23,"column":8},"end":{"line":23,"column":48}},"13":{"start":{"line":23,"column":36},"end":{"line":23,"column":48}},"14":{"start":{"line":24,"column":21},"end":{"line":24,"column":47}},"15":{"start":{"line":25,"column":8},"end":{"line":27,"column":9}},"16":{"start":{"line":26,"column":12},"end":{"line":26,"column":52}},"17":{"start":{"line":28,"column":8},"end":{"line":28,"column":20}},"18":{"start":{"line":31,"column":4},"end":{"line":34,"column":6}}},"fnMap":{"0":{"name":"(anonymous_0)","decl":{"start":{"line":1,"column":1},"end":{"line":1,"column":2}},"loc":{"start":{"line":1,"column":25},"end":{"line":9,"column":1}},"line":1},"1":{"name":"(anonymous_1)","decl":{"start":{"line":9,"column":45},"end":{"line":9,"column":46}},"loc":{"start":{"line":9,"column":56},"end":{"line":35,"column":1}},"line":9},"2":{"name":"drawItemByWeight","decl":{"start":{"line":11,"column":13},"end":{"line":11,"column":29}},"loc":{"start":{"line":11,"column":37},"end":{"line":20,"column":5}},"line":11},"3":{"name":"(anonymous_3)","decl":{"start":{"line":12,"column":41},"end":{"line":12,"column":42}},"loc":{"start":{"line":12,"column":56},"end":{"line":12,"column":80}},"line":12},"4":{"name":"checkPromotion","decl":{"start":{"line":22,"column":13},"end":{"line":22,"column":27}},"loc":{"start":{"line":22,"column":41},"end":{"line":29,"column":5}},"line":22}},"branchMap":{"0":{"loc":{"start":{"line":2,"column":4},"end":{"line":8,"column":5}},"type":"if","locations":[{"start":{"line":2,"column":4},"end":{"line":8,"column":5}},{"start":{"line":5,"column":11},"end":{"line":8,"column":5}}],"line":2},"1":{"loc":{"start":{"line":2,"column":8},"end":{"line":2,"column":52}},"type":"binary-expr","locations":[{"start":{"line":2,"column":8},"end":{"line":2,"column":34}},{"start":{"line":2,"column":38},"end":{"line":2,"column":52}}],"line":2},"2":{"loc":{"start":{"line":9,"column":2},"end":{"line":9,"column":43}},"type":"cond-expr","locations":[{"start":{"line":9,"column":32},"end":{"line":9,"column":36}},{"start":{"line":9,"column":39},"end":{"line":9,"column":43}}],"line":9},"3":{"loc":{"start":{"line":12,"column":63},"end":{"line":12,"column":79}},"type":"binary-expr","locations":[{"start":{"line":12,"column":63},"end":{"line":12,"column":74}},{"start":{"line":12,"column":78},"end":{"line":12,"column":79}}],"line":12},"4":{"loc":{"start":{"line":16,"column":21},"end":{"line":16,"column":37}},"type":"binary-expr","locations":[{"start":{"line":16,"column":21},"end":{"line":16,"column":32}},{"start":{"line":16,"column":36},"end":{"line":16,"column":37}}],"line":16},"5":{"loc":{"start":{"line":17,"column":10},"end":{"line":17,"column":38}},"type":"if","locations":[{"start":{"line":17,"column":10},"end":{"line":17,"column":38}},{"start":{},"end":{}}],"line":17},"6":{"loc":{"start":{"line":23,"column":8},"end":{"line":23,"column":48}},"type":"if","locations":[{"start":{"line":23,"column":8},"end":{"line":23,"column":48}},{"start":{},"end":{}}],"line":23},"7":{"loc":{"start":{"line":25,"column":8},"end":{"line":27,"column":9}},"type":"if","locations":[{"start":{"line":25,"column":8},"end":{"line":27,"column":9}},{"start":{},"end":{}}],"line":25}},"s":{"0":1,"1":1,"2":1,"3":0,"4":3,"5":5,"6":3,"7":3,"8":4,"9":4,"10":2,"11":1,"12":3,"13":1,"14":2,"15":2,"16":1,"17":1,"18":1},"f":{"0":1,"1":1,"2":3,"3":5,"4":3},"b":{"0":[1,0],"1":[1,1],"2":[1,0],"3":[5,1],"4":[4,0],"5":[2,2],"6":[1,2],"7":[1,1]},"_coverageSchema":"1a1c01bbd47fc00a2c39e90264f33305004495a9","hash":"f8e139a0aab3397710b9718747813c8fb12133b0"}
}
