TN:
SF:gacha-logic.js
FN:1,(anonymous_0)
FN:9,(anonymous_1)
FN:11,drawItemByWeight
FN:12,(anonymous_3)
FN:22,checkPromotion
FNF:5
FNH:5
FNDA:1,(anonymous_0)
FNDA:1,(anonymous_1)
FNDA:3,drawItemByWeight
FNDA:5,(anonymous_3)
FNDA:3,checkPromotion
DA:1,1
DA:2,1
DA:4,1
DA:7,0
DA:12,5
DA:13,3
DA:15,3
DA:16,4
DA:17,4
DA:19,1
DA:23,3
DA:24,2
DA:25,2
DA:26,1
DA:28,1
DA:31,1
LF:16
LH:15
BRDA:2,0,0,1
BRDA:2,0,1,0
BRDA:2,1,0,1
BRDA:2,1,1,1
BRDA:9,2,0,1
BRDA:9,2,1,0
BRDA:12,3,0,5
BRDA:12,3,1,1
BRDA:16,4,0,4
BRDA:16,4,1,0
BRDA:17,5,0,2
BRDA:17,5,1,2
BRDA:23,6,0,1
BRDA:23,6,1,2
BRDA:25,7,0,1
BRDA:25,7,1,1
BRF:16
BRH:13
end_of_record
